2019-11-05 15:33:35,997 [main] INFO DemoApplication - Starting DemoApplication on yanqing with PID 25248 (C:\Users\86182\IdeaProjects\receiveVoice\target\classes started by yanqing in C:\Users\86182\IdeaProjects\receiveVoice)
2019-11-05 15:33:36,006 [main] INFO DemoApplication - No active profile set, falling back to default profiles: default
2019-11-05 15:33:37,124 [main] INFO TomcatWebServer - Tomcat initialized with port(s): 11000 (http)
2019-11-05 15:33:37,137 [main] INFO Http11NioProtocol - Initializing ProtocolHandler ["http-nio-11000"]
2019-11-05 15:33:37,145 [main] INFO StandardService - Starting service [Tomcat]
2019-11-05 15:33:37,146 [main] INFO StandardEngine - Starting Servlet engine: [Apache Tomcat/9.0.21]
2019-11-05 15:33:37,250 [main] INFO [/] - Initializing Spring embedded WebApplicationContext
2019-11-05 15:33:37,250 [main] INFO ContextLoader - Root WebApplicationContext: initialization completed in 1213 ms
2019-11-05 15:33:37,306 [main] INFO AutowiredAnnotationBeanPostProcessor - Autowired annotation is not supported on static fields: static java.lang.String com.example.demo.util.getStartUtil.startWith
2019-11-05 15:33:37,419 [main] INFO ThreadPoolTaskExecutor - Initializing ExecutorService 'applicationTaskExecutor'
2019-11-05 15:33:38,157 [main] INFO ThreadPoolTaskScheduler - Initializing ExecutorService 'taskScheduler'
2019-11-05 15:33:38,176 [main] INFO Http11NioProtocol - Starting ProtocolHandler ["http-nio-11000"]
2019-11-05 15:33:38,187 [main] INFO TomcatWebServer - Tomcat started on port(s): 11000 (http) with context path ''
2019-11-05 15:33:38,189 [main] INFO DemoApplication - Started DemoApplication in 2.584 seconds (JVM running for 3.056)
2019-11-05 15:33:40,035 [scheduling-1] INFO InvokeBat - getFileName.bat------Tue Nov 05 15:33:40 GMT+08:00 2019start bat successful
2019-11-05 15:33:40,067 [scheduling-1] INFO InvokeBat - getXmlName.bat------Tue Nov 05 15:33:40 GMT+08:00 2019start bat successful
2019-11-05 15:33:40,070 [scheduling-1] ERROR TaskUtils$LoggingErrorHandler - Unexpected error occurred in scheduled task.
java.lang.NullPointerException: null
	at com.example.demo.util.getStartUtil.getFlag(getStartUtil.java:23)
	at com.example.demo.util.StaticScheduleTask.submitToES(StaticScheduleTask.java:48)
	at sun.reflect.NativeMethodAccessorImpl.invoke0(Native Method)
	at sun.reflect.NativeMethodAccessorImpl.invoke(NativeMethodAccessorImpl.java:62)
	at sun.reflect.DelegatingMethodAccessorImpl.invoke(DelegatingMethodAccessorImpl.java:43)
	at java.lang.reflect.Method.invoke(Method.java:498)
	at org.springframework.scheduling.support.ScheduledMethodRunnable.run(ScheduledMethodRunnable.java:84)
	at org.springframework.scheduling.support.DelegatingErrorHandlingRunnable.run(DelegatingErrorHandlingRunnable.java:54)
	at org.springframework.scheduling.concurrent.ReschedulingRunnable.run(ReschedulingRunnable.java:93)
	at java.util.concurrent.Executors$RunnableAdapter.call(Executors.java:511)
	at java.util.concurrent.FutureTask.run(FutureTask.java:266)
	at java.util.concurrent.ScheduledThreadPoolExecutor$ScheduledFutureTask.access$201(ScheduledThreadPoolExecutor.java:180)
	at java.util.concurrent.ScheduledThreadPoolExecutor$ScheduledFutureTask.run(ScheduledThreadPoolExecutor.java:293)
	at java.util.concurrent.ThreadPoolExecutor.runWorker(ThreadPoolExecutor.java:1149)
	at java.util.concurrent.ThreadPoolExecutor$Worker.run(ThreadPoolExecutor.java:624)
	at java.lang.Thread.run(Thread.java:748)
2019-11-05 15:33:50,028 [scheduling-1] INFO InvokeBat - getFileName.bat------Tue Nov 05 15:33:50 GMT+08:00 2019start bat successful
2019-11-05 15:33:50,056 [scheduling-1] INFO InvokeBat - getXmlName.bat------Tue Nov 05 15:33:50 GMT+08:00 2019start bat successful
2019-11-05 15:34:00,001 [scheduling-1] ERROR TaskUtils$LoggingErrorHandler - Unexpected error occurred in scheduled task.
java.lang.NullPointerException: null
	at com.example.demo.util.getStartUtil.getFlag(getStartUtil.java:23)
	at com.example.demo.util.StaticScheduleTask.submitToES(StaticScheduleTask.java:48)
	at sun.reflect.NativeMethodAccessorImpl.invoke0(Native Method)
	at sun.reflect.NativeMethodAccessorImpl.invoke(NativeMethodAccessorImpl.java:62)
	at sun.reflect.DelegatingMethodAccessorImpl.invoke(DelegatingMethodAccessorImpl.java:43)
	at java.lang.reflect.Method.invoke(Method.java:498)
	at org.springframework.scheduling.support.ScheduledMethodRunnable.run(ScheduledMethodRunnable.java:84)
	at org.springframework.scheduling.support.DelegatingErrorHandlingRunnable.run(DelegatingErrorHandlingRunnable.java:54)
	at org.springframework.scheduling.concurrent.ReschedulingRunnable.run(ReschedulingRunnable.java:93)
	at java.util.concurrent.Executors$RunnableAdapter.call(Executors.java:511)
	at java.util.concurrent.FutureTask.run(FutureTask.java:266)
	at java.util.concurrent.ScheduledThreadPoolExecutor$ScheduledFutureTask.access$201(ScheduledThreadPoolExecutor.java:180)
	at java.util.concurrent.ScheduledThreadPoolExecutor$ScheduledFutureTask.run(ScheduledThreadPoolExecutor.java:293)
	at java.util.concurrent.ThreadPoolExecutor.runWorker(ThreadPoolExecutor.java:1149)
	at java.util.concurrent.ThreadPoolExecutor$Worker.run(ThreadPoolExecutor.java:624)
	at java.lang.Thread.run(Thread.java:748)
2019-11-05 15:34:00,103 [scheduling-1] INFO InvokeBat - startVbs.bat------Tue Nov 05 15:34:00 GMT+08:00 2019start bat successful
2019-11-05 15:34:00,135 [scheduling-1] INFO InvokeBat - getFileName.bat------Tue Nov 05 15:34:00 GMT+08:00 2019start bat successful
2019-11-05 15:34:00,164 [scheduling-1] INFO InvokeBat - getXmlName.bat------Tue Nov 05 15:34:00 GMT+08:00 2019start bat successful
2019-11-05 15:34:10,030 [scheduling-1] INFO InvokeBat - getFileName.bat------Tue Nov 05 15:34:10 GMT+08:00 2019start bat successful
2019-11-05 15:34:10,058 [scheduling-1] INFO InvokeBat - getXmlName.bat------Tue Nov 05 15:34:10 GMT+08:00 2019start bat successful
2019-11-05 15:34:20,037 [scheduling-1] INFO InvokeBat - getFileName.bat------Tue Nov 05 15:34:20 GMT+08:00 2019start bat successful
2019-11-05 15:34:20,067 [scheduling-1] INFO InvokeBat - getXmlName.bat------Tue Nov 05 15:34:20 GMT+08:00 2019start bat successful
2019-11-05 15:34:30,029 [scheduling-1] INFO InvokeBat - getFileName.bat------Tue Nov 05 15:34:30 GMT+08:00 2019start bat successful
2019-11-05 15:34:30,058 [scheduling-1] INFO InvokeBat - getXmlName.bat------Tue Nov 05 15:34:30 GMT+08:00 2019start bat successful
2019-11-05 15:34:40,003 [scheduling-1] ERROR TaskUtils$LoggingErrorHandler - Unexpected error occurred in scheduled task.
java.lang.NullPointerException: null
	at com.example.demo.util.getStartUtil.getFlag(getStartUtil.java:23)
	at com.example.demo.util.StaticScheduleTask.submitToES(StaticScheduleTask.java:48)
	at sun.reflect.NativeMethodAccessorImpl.invoke0(Native Method)
	at sun.reflect.NativeMethodAccessorImpl.invoke(NativeMethodAccessorImpl.java:62)
	at sun.reflect.DelegatingMethodAccessorImpl.invoke(DelegatingMethodAccessorImpl.java:43)
	at java.lang.reflect.Method.invoke(Method.java:498)
	at org.springframework.scheduling.support.ScheduledMethodRunnable.run(ScheduledMethodRunnable.java:84)
	at org.springframework.scheduling.support.DelegatingErrorHandlingRunnable.run(DelegatingErrorHandlingRunnable.java:54)
	at org.springframework.scheduling.concurrent.ReschedulingRunnable.run(ReschedulingRunnable.java:93)
	at java.util.concurrent.Executors$RunnableAdapter.call(Executors.java:511)
	at java.util.concurrent.FutureTask.run(FutureTask.java:266)
	at java.util.concurrent.ScheduledThreadPoolExecutor$ScheduledFutureTask.access$201(ScheduledThreadPoolExecutor.java:180)
	at java.util.concurrent.ScheduledThreadPoolExecutor$ScheduledFutureTask.run(ScheduledThreadPoolExecutor.java:293)
	at java.util.concurrent.ThreadPoolExecutor.runWorker(ThreadPoolExecutor.java:1149)
	at java.util.concurrent.ThreadPoolExecutor$Worker.run(ThreadPoolExecutor.java:624)
	at java.lang.Thread.run(Thread.java:748)
2019-11-05 15:34:40,033 [scheduling-1] INFO InvokeBat - getFileName.bat------Tue Nov 05 15:34:40 GMT+08:00 2019start bat successful
2019-11-05 15:34:40,061 [scheduling-1] INFO InvokeBat - getXmlName.bat------Tue Nov 05 15:34:40 GMT+08:00 2019start bat successful
2019-11-05 15:34:50,030 [scheduling-1] INFO InvokeBat - getFileName.bat------Tue Nov 05 15:34:50 GMT+08:00 2019start bat successful
2019-11-05 15:34:50,058 [scheduling-1] INFO InvokeBat - getXmlName.bat------Tue Nov 05 15:34:50 GMT+08:00 2019start bat successful
2019-11-05 15:35:00,000 [scheduling-1] ERROR TaskUtils$LoggingErrorHandler - Unexpected error occurred in scheduled task.
java.lang.NullPointerException: null
	at com.example.demo.util.getStartUtil.getFlag(getStartUtil.java:23)
	at com.example.demo.util.StaticScheduleTask.submitToES(StaticScheduleTask.java:48)
	at sun.reflect.NativeMethodAccessorImpl.invoke0(Native Method)
	at sun.reflect.NativeMethodAccessorImpl.invoke(NativeMethodAccessorImpl.java:62)
	at sun.reflect.DelegatingMethodAccessorImpl.invoke(DelegatingMethodAccessorImpl.java:43)
	at java.lang.reflect.Method.invoke(Method.java:498)
	at org.springframework.scheduling.support.ScheduledMethodRunnable.run(ScheduledMethodRunnable.java:84)
	at org.springframework.scheduling.support.DelegatingErrorHandlingRunnable.run(DelegatingErrorHandlingRunnable.java:54)
	at org.springframework.scheduling.concurrent.ReschedulingRunnable.run(ReschedulingRunnable.java:93)
	at java.util.concurrent.Executors$RunnableAdapter.call(Executors.java:511)
	at java.util.concurrent.FutureTask.run(FutureTask.java:266)
	at java.util.concurrent.ScheduledThreadPoolExecutor$ScheduledFutureTask.access$201(ScheduledThreadPoolExecutor.java:180)
	at java.util.concurrent.ScheduledThreadPoolExecutor$ScheduledFutureTask.run(ScheduledThreadPoolExecutor.java:293)
	at java.util.concurrent.ThreadPoolExecutor.runWorker(ThreadPoolExecutor.java:1149)
	at java.util.concurrent.ThreadPoolExecutor$Worker.run(ThreadPoolExecutor.java:624)
	at java.lang.Thread.run(Thread.java:748)
2019-11-05 15:35:00,036 [scheduling-1] INFO InvokeBat - getFileName.bat------Tue Nov 05 15:35:00 GMT+08:00 2019start bat successful
2019-11-05 15:35:00,073 [scheduling-1] INFO InvokeBat - getXmlName.bat------Tue Nov 05 15:35:00 GMT+08:00 2019start bat successful
2019-11-05 15:35:10,032 [scheduling-1] INFO InvokeBat - getFileName.bat------Tue Nov 05 15:35:10 GMT+08:00 2019start bat successful
2019-11-05 15:35:10,068 [scheduling-1] INFO InvokeBat - getXmlName.bat------Tue Nov 05 15:35:10 GMT+08:00 2019start bat successful
2019-11-05 15:35:20,031 [scheduling-1] INFO InvokeBat - getFileName.bat------Tue Nov 05 15:35:20 GMT+08:00 2019start bat successful
2019-11-05 15:35:20,059 [scheduling-1] INFO InvokeBat - getXmlName.bat------Tue Nov 05 15:35:20 GMT+08:00 2019start bat successful
2019-11-05 15:35:30,030 [scheduling-1] INFO InvokeBat - getFileName.bat------Tue Nov 05 15:35:30 GMT+08:00 2019start bat successful
2019-11-05 15:35:30,058 [scheduling-1] INFO InvokeBat - getXmlName.bat------Tue Nov 05 15:35:30 GMT+08:00 2019start bat successful
2019-11-05 15:35:40,001 [scheduling-1] ERROR TaskUtils$LoggingErrorHandler - Unexpected error occurred in scheduled task.
java.lang.NullPointerException: null
	at com.example.demo.util.getStartUtil.getFlag(getStartUtil.java:23)
	at com.example.demo.util.StaticScheduleTask.submitToES(StaticScheduleTask.java:48)
	at sun.reflect.NativeMethodAccessorImpl.invoke0(Native Method)
	at sun.reflect.NativeMethodAccessorImpl.invoke(NativeMethodAccessorImpl.java:62)
	at sun.reflect.DelegatingMethodAccessorImpl.invoke(DelegatingMethodAccessorImpl.java:43)
	at java.lang.reflect.Method.invoke(Method.java:498)
	at org.springframework.scheduling.support.ScheduledMethodRunnable.run(ScheduledMethodRunnable.java:84)
	at org.springframework.scheduling.support.DelegatingErrorHandlingRunnable.run(DelegatingErrorHandlingRunnable.java:54)
	at org.springframework.scheduling.concurrent.ReschedulingRunnable.run(ReschedulingRunnable.java:93)
	at java.util.concurrent.Executors$RunnableAdapter.call(Executors.java:511)
	at java.util.concurrent.FutureTask.run(FutureTask.java:266)
	at java.util.concurrent.ScheduledThreadPoolExecutor$ScheduledFutureTask.access$201(ScheduledThreadPoolExecutor.java:180)
	at java.util.concurrent.ScheduledThreadPoolExecutor$ScheduledFutureTask.run(ScheduledThreadPoolExecutor.java:293)
	at java.util.concurrent.ThreadPoolExecutor.runWorker(ThreadPoolExecutor.java:1149)
	at java.util.concurrent.ThreadPoolExecutor$Worker.run(ThreadPoolExecutor.java:624)
	at java.lang.Thread.run(Thread.java:748)
2019-11-05 15:35:40,031 [scheduling-1] INFO InvokeBat - getFileName.bat------Tue Nov 05 15:35:40 GMT+08:00 2019start bat successful
2019-11-05 15:35:40,059 [scheduling-1] INFO InvokeBat - getXmlName.bat------Tue Nov 05 15:35:40 GMT+08:00 2019start bat successful
2019-11-05 15:35:50,032 [scheduling-1] INFO InvokeBat - getFileName.bat------Tue Nov 05 15:35:50 GMT+08:00 2019start bat successful
2019-11-05 15:35:50,060 [scheduling-1] INFO InvokeBat - getXmlName.bat------Tue Nov 05 15:35:50 GMT+08:00 2019start bat successful
2019-11-05 15:36:00,002 [scheduling-1] ERROR TaskUtils$LoggingErrorHandler - Unexpected error occurred in scheduled task.
java.lang.NullPointerException: null
	at com.example.demo.util.getStartUtil.getFlag(getStartUtil.java:23)
	at com.example.demo.util.StaticScheduleTask.submitToES(StaticScheduleTask.java:48)
	at sun.reflect.NativeMethodAccessorImpl.invoke0(Native Method)
	at sun.reflect.NativeMethodAccessorImpl.invoke(NativeMethodAccessorImpl.java:62)
	at sun.reflect.DelegatingMethodAccessorImpl.invoke(DelegatingMethodAccessorImpl.java:43)
	at java.lang.reflect.Method.invoke(Method.java:498)
	at org.springframework.scheduling.support.ScheduledMethodRunnable.run(ScheduledMethodRunnable.java:84)
	at org.springframework.scheduling.support.DelegatingErrorHandlingRunnable.run(DelegatingErrorHandlingRunnable.java:54)
	at org.springframework.scheduling.concurrent.ReschedulingRunnable.run(ReschedulingRunnable.java:93)
	at java.util.concurrent.Executors$RunnableAdapter.call(Executors.java:511)
	at java.util.concurrent.FutureTask.run(FutureTask.java:266)
	at java.util.concurrent.ScheduledThreadPoolExecutor$ScheduledFutureTask.access$201(ScheduledThreadPoolExecutor.java:180)
	at java.util.concurrent.ScheduledThreadPoolExecutor$ScheduledFutureTask.run(ScheduledThreadPoolExecutor.java:293)
	at java.util.concurrent.ThreadPoolExecutor.runWorker(ThreadPoolExecutor.java:1149)
	at java.util.concurrent.ThreadPoolExecutor$Worker.run(ThreadPoolExecutor.java:624)
	at java.lang.Thread.run(Thread.java:748)
2019-11-05 15:36:00,036 [scheduling-1] INFO InvokeBat - getFileName.bat------Tue Nov 05 15:36:00 GMT+08:00 2019start bat successful
2019-11-05 15:36:00,066 [scheduling-1] INFO InvokeBat - getXmlName.bat------Tue Nov 05 15:36:00 GMT+08:00 2019start bat successful
2019-11-05 15:36:00,164 [scheduling-1] INFO InvokeBat - startVbs.bat------Tue Nov 05 15:36:00 GMT+08:00 2019start bat successful
2019-11-05 15:36:10,029 [scheduling-1] INFO InvokeBat - getFileName.bat------Tue Nov 05 15:36:10 GMT+08:00 2019start bat successful
2019-11-05 15:36:10,057 [scheduling-1] INFO InvokeBat - getXmlName.bat------Tue Nov 05 15:36:10 GMT+08:00 2019start bat successful
2019-11-05 15:36:20,031 [scheduling-1] INFO InvokeBat - getFileName.bat------Tue Nov 05 15:36:20 GMT+08:00 2019start bat successful
2019-11-05 15:36:20,060 [scheduling-1] INFO InvokeBat - getXmlName.bat------Tue Nov 05 15:36:20 GMT+08:00 2019start bat successful
2019-11-05 15:36:30,032 [scheduling-1] INFO InvokeBat - getFileName.bat------Tue Nov 05 15:36:30 GMT+08:00 2019start bat successful
2019-11-05 15:36:30,061 [scheduling-1] INFO InvokeBat - getXmlName.bat------Tue Nov 05 15:36:30 GMT+08:00 2019start bat successful
2019-11-05 15:36:40,001 [scheduling-1] ERROR TaskUtils$LoggingErrorHandler - Unexpected error occurred in scheduled task.
java.lang.NullPointerException: null
	at com.example.demo.util.getStartUtil.getFlag(getStartUtil.java:23)
	at com.example.demo.util.StaticScheduleTask.submitToES(StaticScheduleTask.java:48)
	at sun.reflect.NativeMethodAccessorImpl.invoke0(Native Method)
	at sun.reflect.NativeMethodAccessorImpl.invoke(NativeMethodAccessorImpl.java:62)
	at sun.reflect.DelegatingMethodAccessorImpl.invoke(DelegatingMethodAccessorImpl.java:43)
	at java.lang.reflect.Method.invoke(Method.java:498)
	at org.springframework.scheduling.support.ScheduledMethodRunnable.run(ScheduledMethodRunnable.java:84)
	at org.springframework.scheduling.support.DelegatingErrorHandlingRunnable.run(DelegatingErrorHandlingRunnable.java:54)
	at org.springframework.scheduling.concurrent.ReschedulingRunnable.run(ReschedulingRunnable.java:93)
	at java.util.concurrent.Executors$RunnableAdapter.call(Executors.java:511)
	at java.util.concurrent.FutureTask.run(FutureTask.java:266)
	at java.util.concurrent.ScheduledThreadPoolExecutor$ScheduledFutureTask.access$201(ScheduledThreadPoolExecutor.java:180)
	at java.util.concurrent.ScheduledThreadPoolExecutor$ScheduledFutureTask.run(ScheduledThreadPoolExecutor.java:293)
	at java.util.concurrent.ThreadPoolExecutor.runWorker(ThreadPoolExecutor.java:1149)
	at java.util.concurrent.ThreadPoolExecutor$Worker.run(ThreadPoolExecutor.java:624)
	at java.lang.Thread.run(Thread.java:748)
2019-11-05 15:36:40,033 [scheduling-1] INFO InvokeBat - getFileName.bat------Tue Nov 05 15:36:40 GMT+08:00 2019start bat successful
2019-11-05 15:36:40,064 [scheduling-1] INFO InvokeBat - getXmlName.bat------Tue Nov 05 15:36:40 GMT+08:00 2019start bat successful
2019-11-05 15:36:50,030 [scheduling-1] INFO InvokeBat - getFileName.bat------Tue Nov 05 15:36:50 GMT+08:00 2019start bat successful
2019-11-05 15:36:50,059 [scheduling-1] INFO InvokeBat - getXmlName.bat------Tue Nov 05 15:36:50 GMT+08:00 2019start bat successful
2019-11-05 15:37:00,031 [scheduling-1] INFO InvokeBat - getFileName.bat------Tue Nov 05 15:37:00 GMT+08:00 2019start bat successful
2019-11-05 15:37:00,059 [scheduling-1] INFO InvokeBat - getXmlName.bat------Tue Nov 05 15:37:00 GMT+08:00 2019start bat successful
2019-11-05 15:37:00,060 [scheduling-1] ERROR TaskUtils$LoggingErrorHandler - Unexpected error occurred in scheduled task.
java.lang.NullPointerException: null
	at com.example.demo.util.getStartUtil.getFlag(getStartUtil.java:23)
	at com.example.demo.util.StaticScheduleTask.submitToES(StaticScheduleTask.java:48)
	at sun.reflect.NativeMethodAccessorImpl.invoke0(Native Method)
	at sun.reflect.NativeMethodAccessorImpl.invoke(NativeMethodAccessorImpl.java:62)
	at sun.reflect.DelegatingMethodAccessorImpl.invoke(DelegatingMethodAccessorImpl.java:43)
	at java.lang.reflect.Method.invoke(Method.java:498)
	at org.springframework.scheduling.support.ScheduledMethodRunnable.run(ScheduledMethodRunnable.java:84)
	at org.springframework.scheduling.support.DelegatingErrorHandlingRunnable.run(DelegatingErrorHandlingRunnable.java:54)
	at org.springframework.scheduling.concurrent.ReschedulingRunnable.run(ReschedulingRunnable.java:93)
	at java.util.concurrent.Executors$RunnableAdapter.call(Executors.java:511)
	at java.util.concurrent.FutureTask.run(FutureTask.java:266)
	at java.util.concurrent.ScheduledThreadPoolExecutor$ScheduledFutureTask.access$201(ScheduledThreadPoolExecutor.java:180)
	at java.util.concurrent.ScheduledThreadPoolExecutor$ScheduledFutureTask.run(ScheduledThreadPoolExecutor.java:293)
	at java.util.concurrent.ThreadPoolExecutor.runWorker(ThreadPoolExecutor.java:1149)
	at java.util.concurrent.ThreadPoolExecutor$Worker.run(ThreadPoolExecutor.java:624)
	at java.lang.Thread.run(Thread.java:748)
2019-11-05 15:37:10,029 [scheduling-1] INFO InvokeBat - getFileName.bat------Tue Nov 05 15:37:10 GMT+08:00 2019start bat successful
2019-11-05 15:37:10,058 [scheduling-1] INFO InvokeBat - getXmlName.bat------Tue Nov 05 15:37:10 GMT+08:00 2019start bat successful
2019-11-05 15:37:20,033 [scheduling-1] INFO InvokeBat - getFileName.bat------Tue Nov 05 15:37:20 GMT+08:00 2019start bat successful
2019-11-05 15:37:20,072 [scheduling-1] INFO InvokeBat - getXmlName.bat------Tue Nov 05 15:37:20 GMT+08:00 2019start bat successful
2019-11-05 15:37:30,035 [scheduling-1] INFO InvokeBat - getFileName.bat------Tue Nov 05 15:37:30 GMT+08:00 2019start bat successful
2019-11-05 15:37:30,068 [scheduling-1] INFO InvokeBat - getXmlName.bat------Tue Nov 05 15:37:30 GMT+08:00 2019start bat successful
2019-11-05 15:37:40,001 [scheduling-1] ERROR TaskUtils$LoggingErrorHandler - Unexpected error occurred in scheduled task.
java.lang.NullPointerException: null
	at com.example.demo.util.getStartUtil.getFlag(getStartUtil.java:23)
	at com.example.demo.util.StaticScheduleTask.submitToES(StaticScheduleTask.java:48)
	at sun.reflect.NativeMethodAccessorImpl.invoke0(Native Method)
	at sun.reflect.NativeMethodAccessorImpl.invoke(NativeMethodAccessorImpl.java:62)
	at sun.reflect.DelegatingMethodAccessorImpl.invoke(DelegatingMethodAccessorImpl.java:43)
	at java.lang.reflect.Method.invoke(Method.java:498)
	at org.springframework.scheduling.support.ScheduledMethodRunnable.run(ScheduledMethodRunnable.java:84)
	at org.springframework.scheduling.support.DelegatingErrorHandlingRunnable.run(DelegatingErrorHandlingRunnable.java:54)
	at org.springframework.scheduling.concurrent.ReschedulingRunnable.run(ReschedulingRunnable.java:93)
	at java.util.concurrent.Executors$RunnableAdapter.call(Executors.java:511)
	at java.util.concurrent.FutureTask.run(FutureTask.java:266)
	at java.util.concurrent.ScheduledThreadPoolExecutor$ScheduledFutureTask.access$201(ScheduledThreadPoolExecutor.java:180)
	at java.util.concurrent.ScheduledThreadPoolExecutor$ScheduledFutureTask.run(ScheduledThreadPoolExecutor.java:293)
	at java.util.concurrent.ThreadPoolExecutor.runWorker(ThreadPoolExecutor.java:1149)
	at java.util.concurrent.ThreadPoolExecutor$Worker.run(ThreadPoolExecutor.java:624)
	at java.lang.Thread.run(Thread.java:748)
2019-11-05 15:37:40,031 [scheduling-1] INFO InvokeBat - getFileName.bat------Tue Nov 05 15:37:40 GMT+08:00 2019start bat successful
2019-11-05 15:37:40,060 [scheduling-1] INFO InvokeBat - getXmlName.bat------Tue Nov 05 15:37:40 GMT+08:00 2019start bat successful
2019-11-05 15:37:50,029 [scheduling-1] INFO InvokeBat - getFileName.bat------Tue Nov 05 15:37:50 GMT+08:00 2019start bat successful
2019-11-05 15:37:50,057 [scheduling-1] INFO InvokeBat - getXmlName.bat------Tue Nov 05 15:37:50 GMT+08:00 2019start bat successful
2019-11-05 15:38:00,090 [scheduling-1] INFO InvokeBat - startVbs.bat------Tue Nov 05 15:38:00 GMT+08:00 2019start bat successful
2019-11-05 15:38:00,118 [scheduling-1] INFO InvokeBat - getFileName.bat------Tue Nov 05 15:38:00 GMT+08:00 2019start bat successful
2019-11-05 15:38:00,147 [scheduling-1] INFO InvokeBat - getXmlName.bat------Tue Nov 05 15:38:00 GMT+08:00 2019start bat successful
2019-11-05 15:38:00,148 [scheduling-1] ERROR TaskUtils$LoggingErrorHandler - Unexpected error occurred in scheduled task.
java.lang.NullPointerException: null
	at com.example.demo.util.getStartUtil.getFlag(getStartUtil.java:23)
	at com.example.demo.util.StaticScheduleTask.submitToES(StaticScheduleTask.java:48)
	at sun.reflect.NativeMethodAccessorImpl.invoke0(Native Method)
	at sun.reflect.NativeMethodAccessorImpl.invoke(NativeMethodAccessorImpl.java:62)
	at sun.reflect.DelegatingMethodAccessorImpl.invoke(DelegatingMethodAccessorImpl.java:43)
	at java.lang.reflect.Method.invoke(Method.java:498)
	at org.springframework.scheduling.support.ScheduledMethodRunnable.run(ScheduledMethodRunnable.java:84)
	at org.springframework.scheduling.support.DelegatingErrorHandlingRunnable.run(DelegatingErrorHandlingRunnable.java:54)
	at org.springframework.scheduling.concurrent.ReschedulingRunnable.run(ReschedulingRunnable.java:93)
	at java.util.concurrent.Executors$RunnableAdapter.call(Executors.java:511)
	at java.util.concurrent.FutureTask.run(FutureTask.java:266)
	at java.util.concurrent.ScheduledThreadPoolExecutor$ScheduledFutureTask.access$201(ScheduledThreadPoolExecutor.java:180)
	at java.util.concurrent.ScheduledThreadPoolExecutor$ScheduledFutureTask.run(ScheduledThreadPoolExecutor.java:293)
	at java.util.concurrent.ThreadPoolExecutor.runWorker(ThreadPoolExecutor.java:1149)
	at java.util.concurrent.ThreadPoolExecutor$Worker.run(ThreadPoolExecutor.java:624)
	at java.lang.Thread.run(Thread.java:748)
2019-11-05 15:38:10,032 [scheduling-1] INFO InvokeBat - getFileName.bat------Tue Nov 05 15:38:10 GMT+08:00 2019start bat successful
2019-11-05 15:38:10,061 [scheduling-1] INFO InvokeBat - getXmlName.bat------Tue Nov 05 15:38:10 GMT+08:00 2019start bat successful
2019-11-05 15:38:20,033 [scheduling-1] INFO InvokeBat - getFileName.bat------Tue Nov 05 15:38:20 GMT+08:00 2019start bat successful
2019-11-05 15:38:20,063 [scheduling-1] INFO InvokeBat - getXmlName.bat------Tue Nov 05 15:38:20 GMT+08:00 2019start bat successful
2019-11-05 15:38:30,030 [scheduling-1] INFO InvokeBat - getFileName.bat------Tue Nov 05 15:38:30 GMT+08:00 2019start bat successful
2019-11-05 15:38:30,058 [scheduling-1] INFO InvokeBat - getXmlName.bat------Tue Nov 05 15:38:30 GMT+08:00 2019start bat successful
2019-11-05 15:38:40,031 [scheduling-1] INFO InvokeBat - getFileName.bat------Tue Nov 05 15:38:40 GMT+08:00 2019start bat successful
2019-11-05 15:38:40,060 [scheduling-1] INFO InvokeBat - getXmlName.bat------Tue Nov 05 15:38:40 GMT+08:00 2019start bat successful
2019-11-05 15:38:40,061 [scheduling-1] ERROR TaskUtils$LoggingErrorHandler - Unexpected error occurred in scheduled task.
java.lang.NullPointerException: null
	at com.example.demo.util.getStartUtil.getFlag(getStartUtil.java:23)
	at com.example.demo.util.StaticScheduleTask.submitToES(StaticScheduleTask.java:48)
	at sun.reflect.NativeMethodAccessorImpl.invoke0(Native Method)
	at sun.reflect.NativeMethodAccessorImpl.invoke(NativeMethodAccessorImpl.java:62)
	at sun.reflect.DelegatingMethodAccessorImpl.invoke(DelegatingMethodAccessorImpl.java:43)
	at java.lang.reflect.Method.invoke(Method.java:498)
	at org.springframework.scheduling.support.ScheduledMethodRunnable.run(ScheduledMethodRunnable.java:84)
	at org.springframework.scheduling.support.DelegatingErrorHandlingRunnable.run(DelegatingErrorHandlingRunnable.java:54)
	at org.springframework.scheduling.concurrent.ReschedulingRunnable.run(ReschedulingRunnable.java:93)
	at java.util.concurrent.Executors$RunnableAdapter.call(Executors.java:511)
	at java.util.concurrent.FutureTask.run(FutureTask.java:266)
	at java.util.concurrent.ScheduledThreadPoolExecutor$ScheduledFutureTask.access$201(ScheduledThreadPoolExecutor.java:180)
	at java.util.concurrent.ScheduledThreadPoolExecutor$ScheduledFutureTask.run(ScheduledThreadPoolExecutor.java:293)
	at java.util.concurrent.ThreadPoolExecutor.runWorker(ThreadPoolExecutor.java:1149)
	at java.util.concurrent.ThreadPoolExecutor$Worker.run(ThreadPoolExecutor.java:624)
	at java.lang.Thread.run(Thread.java:748)
2019-11-05 15:38:50,031 [scheduling-1] INFO InvokeBat - getFileName.bat------Tue Nov 05 15:38:50 GMT+08:00 2019start bat successful
2019-11-05 15:38:50,060 [scheduling-1] INFO InvokeBat - getXmlName.bat------Tue Nov 05 15:38:50 GMT+08:00 2019start bat successful
2019-11-05 15:39:00,002 [scheduling-1] ERROR TaskUtils$LoggingErrorHandler - Unexpected error occurred in scheduled task.
java.lang.NullPointerException: null
	at com.example.demo.util.getStartUtil.getFlag(getStartUtil.java:23)
	at com.example.demo.util.StaticScheduleTask.submitToES(StaticScheduleTask.java:48)
	at sun.reflect.NativeMethodAccessorImpl.invoke0(Native Method)
	at sun.reflect.NativeMethodAccessorImpl.invoke(NativeMethodAccessorImpl.java:62)
	at sun.reflect.DelegatingMethodAccessorImpl.invoke(DelegatingMethodAccessorImpl.java:43)
	at java.lang.reflect.Method.invoke(Method.java:498)
	at org.springframework.scheduling.support.ScheduledMethodRunnable.run(ScheduledMethodRunnable.java:84)
	at org.springframework.scheduling.support.DelegatingErrorHandlingRunnable.run(DelegatingErrorHandlingRunnable.java:54)
	at org.springframework.scheduling.concurrent.ReschedulingRunnable.run(ReschedulingRunnable.java:93)
	at java.util.concurrent.Executors$RunnableAdapter.call(Executors.java:511)
	at java.util.concurrent.FutureTask.run(FutureTask.java:266)
	at java.util.concurrent.ScheduledThreadPoolExecutor$ScheduledFutureTask.access$201(ScheduledThreadPoolExecutor.java:180)
	at java.util.concurrent.ScheduledThreadPoolExecutor$ScheduledFutureTask.run(ScheduledThreadPoolExecutor.java:293)
	at java.util.concurrent.ThreadPoolExecutor.runWorker(ThreadPoolExecutor.java:1149)
	at java.util.concurrent.ThreadPoolExecutor$Worker.run(ThreadPoolExecutor.java:624)
	at java.lang.Thread.run(Thread.java:748)
2019-11-05 15:39:00,035 [scheduling-1] INFO InvokeBat - getFileName.bat------Tue Nov 05 15:39:00 GMT+08:00 2019start bat successful
2019-11-05 15:39:00,064 [scheduling-1] INFO InvokeBat - getXmlName.bat------Tue Nov 05 15:39:00 GMT+08:00 2019start bat successful
2019-11-05 15:39:10,032 [scheduling-1] INFO InvokeBat - getFileName.bat------Tue Nov 05 15:39:10 GMT+08:00 2019start bat successful
2019-11-05 15:39:10,062 [scheduling-1] INFO InvokeBat - getXmlName.bat------Tue Nov 05 15:39:10 GMT+08:00 2019start bat successful
2019-11-05 15:39:20,031 [scheduling-1] INFO InvokeBat - getFileName.bat------Tue Nov 05 15:39:20 GMT+08:00 2019start bat successful
2019-11-05 15:39:20,058 [scheduling-1] INFO InvokeBat - getXmlName.bat------Tue Nov 05 15:39:20 GMT+08:00 2019start bat successful
2019-11-05 15:39:30,033 [scheduling-1] INFO InvokeBat - getFileName.bat------Tue Nov 05 15:39:30 GMT+08:00 2019start bat successful
2019-11-05 15:39:30,063 [scheduling-1] INFO InvokeBat - getXmlName.bat------Tue Nov 05 15:39:30 GMT+08:00 2019start bat successful
2019-11-05 15:39:40,000 [scheduling-1] ERROR TaskUtils$LoggingErrorHandler - Unexpected error occurred in scheduled task.
java.lang.NullPointerException: null
	at com.example.demo.util.getStartUtil.getFlag(getStartUtil.java:23)
	at com.example.demo.util.StaticScheduleTask.submitToES(StaticScheduleTask.java:48)
	at sun.reflect.NativeMethodAccessorImpl.invoke0(Native Method)
	at sun.reflect.NativeMethodAccessorImpl.invoke(NativeMethodAccessorImpl.java:62)
	at sun.reflect.DelegatingMethodAccessorImpl.invoke(DelegatingMethodAccessorImpl.java:43)
	at java.lang.reflect.Method.invoke(Method.java:498)
	at org.springframework.scheduling.support.ScheduledMethodRunnable.run(ScheduledMethodRunnable.java:84)
	at org.springframework.scheduling.support.DelegatingErrorHandlingRunnable.run(DelegatingErrorHandlingRunnable.java:54)
	at org.springframework.scheduling.concurrent.ReschedulingRunnable.run(ReschedulingRunnable.java:93)
	at java.util.concurrent.Executors$RunnableAdapter.call(Executors.java:511)
	at java.util.concurrent.FutureTask.run(FutureTask.java:266)
	at java.util.concurrent.ScheduledThreadPoolExecutor$ScheduledFutureTask.access$201(ScheduledThreadPoolExecutor.java:180)
	at java.util.concurrent.ScheduledThreadPoolExecutor$ScheduledFutureTask.run(ScheduledThreadPoolExecutor.java:293)
	at java.util.concurrent.ThreadPoolExecutor.runWorker(ThreadPoolExecutor.java:1149)
	at java.util.concurrent.ThreadPoolExecutor$Worker.run(ThreadPoolExecutor.java:624)
	at java.lang.Thread.run(Thread.java:748)
2019-11-05 15:39:40,029 [scheduling-1] INFO InvokeBat - getFileName.bat------Tue Nov 05 15:39:40 GMT+08:00 2019start bat successful
2019-11-05 15:39:40,057 [scheduling-1] INFO InvokeBat - getXmlName.bat------Tue Nov 05 15:39:40 GMT+08:00 2019start bat successful
2019-11-05 15:39:50,029 [scheduling-1] INFO InvokeBat - getFileName.bat------Tue Nov 05 15:39:50 GMT+08:00 2019start bat successful
2019-11-05 15:39:50,058 [scheduling-1] INFO InvokeBat - getXmlName.bat------Tue Nov 05 15:39:50 GMT+08:00 2019start bat successful
2019-11-05 15:40:00,002 [scheduling-1] ERROR TaskUtils$LoggingErrorHandler - Unexpected error occurred in scheduled task.
java.lang.NullPointerException: null
	at com.example.demo.util.getStartUtil.getFlag(getStartUtil.java:23)
	at com.example.demo.util.StaticScheduleTask.submitToES(StaticScheduleTask.java:48)
	at sun.reflect.NativeMethodAccessorImpl.invoke0(Native Method)
	at sun.reflect.NativeMethodAccessorImpl.invoke(NativeMethodAccessorImpl.java:62)
	at sun.reflect.DelegatingMethodAccessorImpl.invoke(DelegatingMethodAccessorImpl.java:43)
	at java.lang.reflect.Method.invoke(Method.java:498)
	at org.springframework.scheduling.support.ScheduledMethodRunnable.run(ScheduledMethodRunnable.java:84)
	at org.springframework.scheduling.support.DelegatingErrorHandlingRunnable.run(DelegatingErrorHandlingRunnable.java:54)
	at org.springframework.scheduling.concurrent.ReschedulingRunnable.run(ReschedulingRunnable.java:93)
	at java.util.concurrent.Executors$RunnableAdapter.call(Executors.java:511)
	at java.util.concurrent.FutureTask.run(FutureTask.java:266)
	at java.util.concurrent.ScheduledThreadPoolExecutor$ScheduledFutureTask.access$201(ScheduledThreadPoolExecutor.java:180)
	at java.util.concurrent.ScheduledThreadPoolExecutor$ScheduledFutureTask.run(ScheduledThreadPoolExecutor.java:293)
	at java.util.concurrent.ThreadPoolExecutor.runWorker(ThreadPoolExecutor.java:1149)
	at java.util.concurrent.ThreadPoolExecutor$Worker.run(ThreadPoolExecutor.java:624)
	at java.lang.Thread.run(Thread.java:748)
2019-11-05 15:40:00,038 [scheduling-1] INFO InvokeBat - getFileName.bat------Tue Nov 05 15:40:00 GMT+08:00 2019start bat successful
2019-11-05 15:40:00,067 [scheduling-1] INFO InvokeBat - getXmlName.bat------Tue Nov 05 15:40:00 GMT+08:00 2019start bat successful
2019-11-05 15:40:00,156 [scheduling-1] INFO InvokeBat - startVbs.bat------Tue Nov 05 15:40:00 GMT+08:00 2019start bat successful
2019-11-05 15:40:10,033 [scheduling-1] INFO InvokeBat - getFileName.bat------Tue Nov 05 15:40:10 GMT+08:00 2019start bat successful
2019-11-05 15:40:10,067 [scheduling-1] INFO InvokeBat - getXmlName.bat------Tue Nov 05 15:40:10 GMT+08:00 2019start bat successful
2019-11-05 15:40:20,031 [scheduling-1] INFO InvokeBat - getFileName.bat------Tue Nov 05 15:40:20 GMT+08:00 2019start bat successful
2019-11-05 15:40:20,060 [scheduling-1] INFO InvokeBat - getXmlName.bat------Tue Nov 05 15:40:20 GMT+08:00 2019start bat successful
2019-11-05 15:40:30,030 [scheduling-1] INFO InvokeBat - getFileName.bat------Tue Nov 05 15:40:30 GMT+08:00 2019start bat successful
2019-11-05 15:40:30,058 [scheduling-1] INFO InvokeBat - getXmlName.bat------Tue Nov 05 15:40:30 GMT+08:00 2019start bat successful
2019-11-05 15:40:40,001 [scheduling-1] ERROR TaskUtils$LoggingErrorHandler - Unexpected error occurred in scheduled task.
java.lang.NullPointerException: null
	at com.example.demo.util.getStartUtil.getFlag(getStartUtil.java:23)
	at com.example.demo.util.StaticScheduleTask.submitToES(StaticScheduleTask.java:48)
	at sun.reflect.NativeMethodAccessorImpl.invoke0(Native Method)
	at sun.reflect.NativeMethodAccessorImpl.invoke(NativeMethodAccessorImpl.java:62)
	at sun.reflect.DelegatingMethodAccessorImpl.invoke(DelegatingMethodAccessorImpl.java:43)
	at java.lang.reflect.Method.invoke(Method.java:498)
	at org.springframework.scheduling.support.ScheduledMethodRunnable.run(ScheduledMethodRunnable.java:84)
	at org.springframework.scheduling.support.DelegatingErrorHandlingRunnable.run(DelegatingErrorHandlingRunnable.java:54)
	at org.springframework.scheduling.concurrent.ReschedulingRunnable.run(ReschedulingRunnable.java:93)
	at java.util.concurrent.Executors$RunnableAdapter.call(Executors.java:511)
	at java.util.concurrent.FutureTask.run(FutureTask.java:266)
	at java.util.concurrent.ScheduledThreadPoolExecutor$ScheduledFutureTask.access$201(ScheduledThreadPoolExecutor.java:180)
	at java.util.concurrent.ScheduledThreadPoolExecutor$ScheduledFutureTask.run(ScheduledThreadPoolExecutor.java:293)
	at java.util.concurrent.ThreadPoolExecutor.runWorker(ThreadPoolExecutor.java:1149)
	at java.util.concurrent.ThreadPoolExecutor$Worker.run(ThreadPoolExecutor.java:624)
	at java.lang.Thread.run(Thread.java:748)
2019-11-05 15:40:40,033 [scheduling-1] INFO InvokeBat - getFileName.bat------Tue Nov 05 15:40:40 GMT+08:00 2019start bat successful
2019-11-05 15:40:40,065 [scheduling-1] INFO InvokeBat - getXmlName.bat------Tue Nov 05 15:40:40 GMT+08:00 2019start bat successful
2019-11-05 15:40:50,029 [scheduling-1] INFO InvokeBat - getFileName.bat------Tue Nov 05 15:40:50 GMT+08:00 2019start bat successful
2019-11-05 15:40:50,059 [scheduling-1] INFO InvokeBat - getXmlName.bat------Tue Nov 05 15:40:50 GMT+08:00 2019start bat successful
2019-11-05 15:41:00,030 [scheduling-1] INFO InvokeBat - getFileName.bat------Tue Nov 05 15:41:00 GMT+08:00 2019start bat successful
2019-11-05 15:41:00,059 [scheduling-1] INFO InvokeBat - getXmlName.bat------Tue Nov 05 15:41:00 GMT+08:00 2019start bat successful
2019-11-05 15:41:00,060 [scheduling-1] ERROR TaskUtils$LoggingErrorHandler - Unexpected error occurred in scheduled task.
java.lang.NullPointerException: null
	at com.example.demo.util.getStartUtil.getFlag(getStartUtil.java:23)
	at com.example.demo.util.StaticScheduleTask.submitToES(StaticScheduleTask.java:48)
	at sun.reflect.NativeMethodAccessorImpl.invoke0(Native Method)
	at sun.reflect.NativeMethodAccessorImpl.invoke(NativeMethodAccessorImpl.java:62)
	at sun.reflect.DelegatingMethodAccessorImpl.invoke(DelegatingMethodAccessorImpl.java:43)
	at java.lang.reflect.Method.invoke(Method.java:498)
	at org.springframework.scheduling.support.ScheduledMethodRunnable.run(ScheduledMethodRunnable.java:84)
	at org.springframework.scheduling.support.DelegatingErrorHandlingRunnable.run(DelegatingErrorHandlingRunnable.java:54)
	at org.springframework.scheduling.concurrent.ReschedulingRunnable.run(ReschedulingRunnable.java:93)
	at java.util.concurrent.Executors$RunnableAdapter.call(Executors.java:511)
	at java.util.concurrent.FutureTask.run(FutureTask.java:266)
	at java.util.concurrent.ScheduledThreadPoolExecutor$ScheduledFutureTask.access$201(ScheduledThreadPoolExecutor.java:180)
	at java.util.concurrent.ScheduledThreadPoolExecutor$ScheduledFutureTask.run(ScheduledThreadPoolExecutor.java:293)
	at java.util.concurrent.ThreadPoolExecutor.runWorker(ThreadPoolExecutor.java:1149)
	at java.util.concurrent.ThreadPoolExecutor$Worker.run(ThreadPoolExecutor.java:624)
	at java.lang.Thread.run(Thread.java:748)
2019-11-05 15:41:10,029 [scheduling-1] INFO InvokeBat - getFileName.bat------Tue Nov 05 15:41:10 GMT+08:00 2019start bat successful
2019-11-05 15:41:10,057 [scheduling-1] INFO InvokeBat - getXmlName.bat------Tue Nov 05 15:41:10 GMT+08:00 2019start bat successful
2019-11-05 15:41:20,031 [scheduling-1] INFO InvokeBat - getFileName.bat------Tue Nov 05 15:41:20 GMT+08:00 2019start bat successful
2019-11-05 15:41:20,066 [scheduling-1] INFO InvokeBat - getXmlName.bat------Tue Nov 05 15:41:20 GMT+08:00 2019start bat successful
2019-11-05 15:41:30,034 [scheduling-1] INFO InvokeBat - getFileName.bat------Tue Nov 05 15:41:30 GMT+08:00 2019start bat successful
2019-11-05 15:41:30,066 [scheduling-1] INFO InvokeBat - getXmlName.bat------Tue Nov 05 15:41:30 GMT+08:00 2019start bat successful
2019-11-05 15:41:40,034 [scheduling-1] INFO InvokeBat - getFileName.bat------Tue Nov 05 15:41:40 GMT+08:00 2019start bat successful
2019-11-05 15:41:40,065 [scheduling-1] INFO InvokeBat - getXmlName.bat------Tue Nov 05 15:41:40 GMT+08:00 2019start bat successful
2019-11-05 15:41:40,065 [scheduling-1] ERROR TaskUtils$LoggingErrorHandler - Unexpected error occurred in scheduled task.
java.lang.NullPointerException: null
	at com.example.demo.util.getStartUtil.getFlag(getStartUtil.java:23)
	at com.example.demo.util.StaticScheduleTask.submitToES(StaticScheduleTask.java:48)
	at sun.reflect.GeneratedMethodAccessor34.invoke(Unknown Source)
	at sun.reflect.DelegatingMethodAccessorImpl.invoke(DelegatingMethodAccessorImpl.java:43)
	at java.lang.reflect.Method.invoke(Method.java:498)
	at org.springframework.scheduling.support.ScheduledMethodRunnable.run(ScheduledMethodRunnable.java:84)
	at org.springframework.scheduling.support.DelegatingErrorHandlingRunnable.run(DelegatingErrorHandlingRunnable.java:54)
	at org.springframework.scheduling.concurrent.ReschedulingRunnable.run(ReschedulingRunnable.java:93)
	at java.util.concurrent.Executors$RunnableAdapter.call(Executors.java:511)
	at java.util.concurrent.FutureTask.run(FutureTask.java:266)
	at java.util.concurrent.ScheduledThreadPoolExecutor$ScheduledFutureTask.access$201(ScheduledThreadPoolExecutor.java:180)
	at java.util.concurrent.ScheduledThreadPoolExecutor$ScheduledFutureTask.run(ScheduledThreadPoolExecutor.java:293)
	at java.util.concurrent.ThreadPoolExecutor.runWorker(ThreadPoolExecutor.java:1149)
	at java.util.concurrent.ThreadPoolExecutor$Worker.run(ThreadPoolExecutor.java:624)
	at java.lang.Thread.run(Thread.java:748)
2019-11-05 15:41:50,029 [scheduling-1] INFO InvokeBat - getFileName.bat------Tue Nov 05 15:41:50 GMT+08:00 2019start bat successful
2019-11-05 15:41:50,057 [scheduling-1] INFO InvokeBat - getXmlName.bat------Tue Nov 05 15:41:50 GMT+08:00 2019start bat successful
2019-11-05 15:42:00,001 [scheduling-1] ERROR TaskUtils$LoggingErrorHandler - Unexpected error occurred in scheduled task.
java.lang.NullPointerException: null
	at com.example.demo.util.getStartUtil.getFlag(getStartUtil.java:23)
	at com.example.demo.util.StaticScheduleTask.submitToES(StaticScheduleTask.java:48)
	at sun.reflect.GeneratedMethodAccessor34.invoke(Unknown Source)
	at sun.reflect.DelegatingMethodAccessorImpl.invoke(DelegatingMethodAccessorImpl.java:43)
	at java.lang.reflect.Method.invoke(Method.java:498)
	at org.springframework.scheduling.support.ScheduledMethodRunnable.run(ScheduledMethodRunnable.java:84)
	at org.springframework.scheduling.support.DelegatingErrorHandlingRunnable.run(DelegatingErrorHandlingRunnable.java:54)
	at org.springframework.scheduling.concurrent.ReschedulingRunnable.run(ReschedulingRunnable.java:93)
	at java.util.concurrent.Executors$RunnableAdapter.call(Executors.java:511)
	at java.util.concurrent.FutureTask.run(FutureTask.java:266)
	at java.util.concurrent.ScheduledThreadPoolExecutor$ScheduledFutureTask.access$201(ScheduledThreadPoolExecutor.java:180)
	at java.util.concurrent.ScheduledThreadPoolExecutor$ScheduledFutureTask.run(ScheduledThreadPoolExecutor.java:293)
	at java.util.concurrent.ThreadPoolExecutor.runWorker(ThreadPoolExecutor.java:1149)
	at java.util.concurrent.ThreadPoolExecutor$Worker.run(ThreadPoolExecutor.java:624)
	at java.lang.Thread.run(Thread.java:748)
2019-11-05 15:42:00,096 [scheduling-1] INFO InvokeBat - startVbs.bat------Tue Nov 05 15:42:00 GMT+08:00 2019start bat successful
2019-11-05 15:42:00,127 [scheduling-1] INFO InvokeBat - getFileName.bat------Tue Nov 05 15:42:00 GMT+08:00 2019start bat successful
2019-11-05 15:42:00,156 [scheduling-1] INFO InvokeBat - getXmlName.bat------Tue Nov 05 15:42:00 GMT+08:00 2019start bat successful
2019-11-05 15:42:10,032 [scheduling-1] INFO InvokeBat - getFileName.bat------Tue Nov 05 15:42:10 GMT+08:00 2019start bat successful
2019-11-05 15:42:10,069 [scheduling-1] INFO InvokeBat - getXmlName.bat------Tue Nov 05 15:42:10 GMT+08:00 2019start bat successful
2019-11-05 15:42:20,032 [scheduling-1] INFO InvokeBat - getFileName.bat------Tue Nov 05 15:42:20 GMT+08:00 2019start bat successful
2019-11-05 15:42:20,061 [scheduling-1] INFO InvokeBat - getXmlName.bat------Tue Nov 05 15:42:20 GMT+08:00 2019start bat successful
2019-11-05 15:42:32,683 [main] INFO DemoApplication - Starting DemoApplication on yanqing with PID 18280 (C:\Users\86182\IdeaProjects\receiveVoice\target\classes started by yanqing in C:\Users\86182\IdeaProjects\receiveVoice)
2019-11-05 15:42:32,684 [main] INFO DemoApplication - No active profile set, falling back to default profiles: default
2019-11-05 15:42:33,841 [main] INFO TomcatWebServer - Tomcat initialized with port(s): 11000 (http)
2019-11-05 15:42:33,853 [main] INFO Http11NioProtocol - Initializing ProtocolHandler ["http-nio-11000"]
2019-11-05 15:42:33,860 [main] INFO StandardService - Starting service [Tomcat]
2019-11-05 15:42:33,860 [main] INFO StandardEngine - Starting Servlet engine: [Apache Tomcat/9.0.21]
2019-11-05 15:42:33,945 [main] INFO [/] - Initializing Spring embedded WebApplicationContext
2019-11-05 15:42:33,945 [main] INFO ContextLoader - Root WebApplicationContext: initialization completed in 1235 ms
2019-11-05 15:42:34,097 [main] INFO ThreadPoolTaskExecutor - Initializing ExecutorService 'applicationTaskExecutor'
2019-11-05 15:42:34,771 [main] INFO ThreadPoolTaskScheduler - Initializing ExecutorService 'taskScheduler'
2019-11-05 15:42:34,791 [main] INFO Http11NioProtocol - Starting ProtocolHandler ["http-nio-11000"]
2019-11-05 15:42:34,802 [main] INFO TomcatWebServer - Tomcat started on port(s): 11000 (http) with context path ''
2019-11-05 15:42:34,805 [main] INFO DemoApplication - Started DemoApplication in 2.387 seconds (JVM running for 2.808)
2019-11-05 15:42:40,034 [scheduling-1] INFO InvokeBat - getFileName.bat------Tue Nov 05 15:42:40 GMT+08:00 2019start bat successful
2019-11-05 15:42:40,063 [scheduling-1] INFO InvokeBat - getXmlName.bat------Tue Nov 05 15:42:40 GMT+08:00 2019start bat successful
2019-11-05 15:42:40,064 [scheduling-1] ERROR StaticScheduleTask - 已经失效！！！
2019-11-05 15:42:50,031 [scheduling-1] INFO InvokeBat - getFileName.bat------Tue Nov 05 15:42:50 GMT+08:00 2019start bat successful
2019-11-05 15:42:50,058 [scheduling-1] INFO InvokeBat - getXmlName.bat------Tue Nov 05 15:42:50 GMT+08:00 2019start bat successful
2019-11-05 15:43:00,001 [scheduling-1] ERROR StaticScheduleTask - 已经失效！！！
2019-11-05 15:43:00,031 [scheduling-1] INFO InvokeBat - getFileName.bat------Tue Nov 05 15:43:00 GMT+08:00 2019start bat successful
2019-11-05 15:43:00,061 [scheduling-1] INFO InvokeBat - getXmlName.bat------Tue Nov 05 15:43:00 GMT+08:00 2019start bat successful
2019-11-05 15:43:10,029 [scheduling-1] INFO InvokeBat - getFileName.bat------Tue Nov 05 15:43:10 GMT+08:00 2019start bat successful
2019-11-05 15:43:10,061 [scheduling-1] INFO InvokeBat - getXmlName.bat------Tue Nov 05 15:43:10 GMT+08:00 2019start bat successful
2019-11-05 15:43:26,979 [main] INFO DemoApplication - Starting DemoApplication on yanqing with PID 26136 (C:\Users\86182\IdeaProjects\receiveVoice\target\classes started by yanqing in C:\Users\86182\IdeaProjects\receiveVoice)
2019-11-05 15:43:26,980 [main] INFO DemoApplication - No active profile set, falling back to default profiles: default
2019-11-05 15:43:28,044 [main] INFO TomcatWebServer - Tomcat initialized with port(s): 11000 (http)
2019-11-05 15:43:28,054 [main] INFO Http11NioProtocol - Initializing ProtocolHandler ["http-nio-11000"]
2019-11-05 15:43:28,061 [main] INFO StandardService - Starting service [Tomcat]
2019-11-05 15:43:28,061 [main] INFO StandardEngine - Starting Servlet engine: [Apache Tomcat/9.0.21]
2019-11-05 15:43:28,136 [main] INFO [/] - Initializing Spring embedded WebApplicationContext
2019-11-05 15:43:28,136 [main] INFO ContextLoader - Root WebApplicationContext: initialization completed in 1133 ms
2019-11-05 15:43:28,276 [main] INFO ThreadPoolTaskExecutor - Initializing ExecutorService 'applicationTaskExecutor'
2019-11-05 15:43:28,920 [main] INFO ThreadPoolTaskScheduler - Initializing ExecutorService 'taskScheduler'
2019-11-05 15:43:28,939 [main] INFO Http11NioProtocol - Starting ProtocolHandler ["http-nio-11000"]
2019-11-05 15:43:28,950 [main] INFO TomcatWebServer - Tomcat started on port(s): 11000 (http) with context path ''
2019-11-05 15:43:28,952 [main] INFO DemoApplication - Started DemoApplication in 2.235 seconds (JVM running for 2.663)
2019-11-05 15:43:30,032 [scheduling-1] INFO InvokeBat - getFileName.bat------Tue Nov 05 15:43:30 GMT+08:00 2019start bat successful
2019-11-05 15:43:30,061 [scheduling-1] INFO InvokeBat - getXmlName.bat------Tue Nov 05 15:43:30 GMT+08:00 2019start bat successful
2019-11-05 15:43:40,030 [scheduling-1] INFO InvokeBat - getFileName.bat------Tue Nov 05 15:43:40 GMT+08:00 2019start bat successful
2019-11-05 15:43:40,060 [scheduling-1] INFO InvokeBat - getXmlName.bat------Tue Nov 05 15:43:40 GMT+08:00 2019start bat successful
2019-11-05 15:43:50,033 [scheduling-1] INFO InvokeBat - getFileName.bat------Tue Nov 05 15:43:50 GMT+08:00 2019start bat successful
2019-11-05 15:43:50,063 [scheduling-1] INFO InvokeBat - getXmlName.bat------Tue Nov 05 15:43:50 GMT+08:00 2019start bat successful
2019-11-05 15:44:00,036 [scheduling-1] INFO InvokeBat - getFileName.bat------Tue Nov 05 15:44:00 GMT+08:00 2019start bat successful
2019-11-05 15:44:00,069 [scheduling-1] INFO InvokeBat - getXmlName.bat------Tue Nov 05 15:44:00 GMT+08:00 2019start bat successful
2019-11-05 15:44:00,160 [scheduling-1] INFO InvokeBat - startVbs.bat------Tue Nov 05 15:44:00 GMT+08:00 2019start bat successful
2019-11-05 15:44:10,033 [scheduling-1] INFO InvokeBat - getFileName.bat------Tue Nov 05 15:44:10 GMT+08:00 2019start bat successful
2019-11-05 15:44:10,064 [scheduling-1] INFO InvokeBat - getXmlName.bat------Tue Nov 05 15:44:10 GMT+08:00 2019start bat successful
2019-11-05 15:44:20,031 [scheduling-1] INFO InvokeBat - getFileName.bat------Tue Nov 05 15:44:20 GMT+08:00 2019start bat successful
2019-11-05 15:44:20,061 [scheduling-1] INFO InvokeBat - getXmlName.bat------Tue Nov 05 15:44:20 GMT+08:00 2019start bat successful
2019-11-05 15:44:30,031 [scheduling-1] INFO InvokeBat - getFileName.bat------Tue Nov 05 15:44:30 GMT+08:00 2019start bat successful
2019-11-05 15:44:30,063 [scheduling-1] INFO InvokeBat - getXmlName.bat------Tue Nov 05 15:44:30 GMT+08:00 2019start bat successful
2019-11-05 15:44:40,029 [scheduling-1] INFO InvokeBat - getFileName.bat------Tue Nov 05 15:44:40 GMT+08:00 2019start bat successful
2019-11-05 15:44:40,061 [scheduling-1] INFO InvokeBat - getXmlName.bat------Tue Nov 05 15:44:40 GMT+08:00 2019start bat successful
2019-11-05 15:44:50,030 [scheduling-1] INFO InvokeBat - getFileName.bat------Tue Nov 05 15:44:50 GMT+08:00 2019start bat successful
2019-11-05 15:44:50,058 [scheduling-1] INFO InvokeBat - getXmlName.bat------Tue Nov 05 15:44:50 GMT+08:00 2019start bat successful
2019-11-05 15:45:00,032 [scheduling-1] INFO InvokeBat - getFileName.bat------Tue Nov 05 15:45:00 GMT+08:00 2019start bat successful
2019-11-05 15:45:00,062 [scheduling-1] INFO InvokeBat - getXmlName.bat------Tue Nov 05 15:45:00 GMT+08:00 2019start bat successful
2019-11-05 15:45:10,030 [scheduling-1] INFO InvokeBat - getFileName.bat------Tue Nov 05 15:45:10 GMT+08:00 2019start bat successful
2019-11-05 15:45:10,064 [scheduling-1] INFO InvokeBat - getXmlName.bat------Tue Nov 05 15:45:10 GMT+08:00 2019start bat successful
2019-11-05 15:45:20,035 [scheduling-1] INFO InvokeBat - getFileName.bat------Tue Nov 05 15:45:20 GMT+08:00 2019start bat successful
2019-11-05 15:45:20,065 [scheduling-1] INFO InvokeBat - getXmlName.bat------Tue Nov 05 15:45:20 GMT+08:00 2019start bat successful
2019-11-05 15:45:30,031 [scheduling-1] INFO InvokeBat - getFileName.bat------Tue Nov 05 15:45:30 GMT+08:00 2019start bat successful
2019-11-05 15:45:30,062 [scheduling-1] INFO InvokeBat - getXmlName.bat------Tue Nov 05 15:45:30 GMT+08:00 2019start bat successful
2019-11-05 15:45:40,028 [scheduling-1] INFO InvokeBat - getFileName.bat------Tue Nov 05 15:45:40 GMT+08:00 2019start bat successful
2019-11-05 15:45:40,057 [scheduling-1] INFO InvokeBat - getXmlName.bat------Tue Nov 05 15:45:40 GMT+08:00 2019start bat successful
2019-11-05 15:45:50,029 [scheduling-1] INFO InvokeBat - getFileName.bat------Tue Nov 05 15:45:50 GMT+08:00 2019start bat successful
2019-11-05 15:45:50,058 [scheduling-1] INFO InvokeBat - getXmlName.bat------Tue Nov 05 15:45:50 GMT+08:00 2019start bat successful
2019-11-05 15:46:00,095 [scheduling-1] INFO InvokeBat - startVbs.bat------Tue Nov 05 15:46:00 GMT+08:00 2019start bat successful
2019-11-05 15:46:00,125 [scheduling-1] INFO InvokeBat - getFileName.bat------Tue Nov 05 15:46:00 GMT+08:00 2019start bat successful
2019-11-05 15:46:00,153 [scheduling-1] INFO InvokeBat - getXmlName.bat------Tue Nov 05 15:46:00 GMT+08:00 2019start bat successful
2019-11-05 15:46:10,035 [scheduling-1] INFO InvokeBat - getFileName.bat------Tue Nov 05 15:46:10 GMT+08:00 2019start bat successful
2019-11-05 15:46:10,065 [scheduling-1] INFO InvokeBat - getXmlName.bat------Tue Nov 05 15:46:10 GMT+08:00 2019start bat successful
2019-11-05 15:46:20,036 [scheduling-1] INFO InvokeBat - getFileName.bat------Tue Nov 05 15:46:20 GMT+08:00 2019start bat successful
2019-11-05 15:46:20,067 [scheduling-1] INFO InvokeBat - getXmlName.bat------Tue Nov 05 15:46:20 GMT+08:00 2019start bat successful
2019-11-05 15:46:30,031 [scheduling-1] INFO InvokeBat - getFileName.bat------Tue Nov 05 15:46:30 GMT+08:00 2019start bat successful
2019-11-05 15:46:30,062 [scheduling-1] INFO InvokeBat - getXmlName.bat------Tue Nov 05 15:46:30 GMT+08:00 2019start bat successful
2019-11-05 15:46:40,031 [scheduling-1] INFO InvokeBat - getFileName.bat------Tue Nov 05 15:46:40 GMT+08:00 2019start bat successful
2019-11-05 15:46:40,060 [scheduling-1] INFO InvokeBat - getXmlName.bat------Tue Nov 05 15:46:40 GMT+08:00 2019start bat successful
2019-11-05 15:46:50,029 [scheduling-1] INFO InvokeBat - getFileName.bat------Tue Nov 05 15:46:50 GMT+08:00 2019start bat successful
2019-11-05 15:46:50,057 [scheduling-1] INFO InvokeBat - getXmlName.bat------Tue Nov 05 15:46:50 GMT+08:00 2019start bat successful
2019-11-05 15:47:00,034 [scheduling-1] INFO InvokeBat - getFileName.bat------Tue Nov 05 15:47:00 GMT+08:00 2019start bat successful
2019-11-05 15:47:00,064 [scheduling-1] INFO InvokeBat - getXmlName.bat------Tue Nov 05 15:47:00 GMT+08:00 2019start bat successful
2019-11-05 15:47:10,032 [scheduling-1] INFO InvokeBat - getFileName.bat------Tue Nov 05 15:47:10 GMT+08:00 2019start bat successful
2019-11-05 15:47:10,062 [scheduling-1] INFO InvokeBat - getXmlName.bat------Tue Nov 05 15:47:10 GMT+08:00 2019start bat successful
2019-11-05 15:47:20,032 [scheduling-1] INFO InvokeBat - getFileName.bat------Tue Nov 05 15:47:20 GMT+08:00 2019start bat successful
2019-11-05 15:47:20,064 [scheduling-1] INFO InvokeBat - getXmlName.bat------Tue Nov 05 15:47:20 GMT+08:00 2019start bat successful
2019-11-05 15:47:30,030 [scheduling-1] INFO InvokeBat - getFileName.bat------Tue Nov 05 15:47:30 GMT+08:00 2019start bat successful
2019-11-05 15:47:30,060 [scheduling-1] INFO InvokeBat - getXmlName.bat------Tue Nov 05 15:47:30 GMT+08:00 2019start bat successful
2019-11-05 15:47:40,034 [scheduling-1] INFO InvokeBat - getFileName.bat------Tue Nov 05 15:47:40 GMT+08:00 2019start bat successful
2019-11-05 15:47:40,064 [scheduling-1] INFO InvokeBat - getXmlName.bat------Tue Nov 05 15:47:40 GMT+08:00 2019start bat successful
2019-11-05 15:47:50,031 [scheduling-1] INFO InvokeBat - getFileName.bat------Tue Nov 05 15:47:50 GMT+08:00 2019start bat successful
2019-11-05 15:47:50,058 [scheduling-1] INFO InvokeBat - getXmlName.bat------Tue Nov 05 15:47:50 GMT+08:00 2019start bat successful
2019-11-05 15:48:00,035 [scheduling-1] INFO InvokeBat - getFileName.bat------Tue Nov 05 15:48:00 GMT+08:00 2019start bat successful
2019-11-05 15:48:00,065 [scheduling-1] INFO InvokeBat - getXmlName.bat------Tue Nov 05 15:48:00 GMT+08:00 2019start bat successful
2019-11-05 15:48:00,157 [scheduling-1] INFO InvokeBat - startVbs.bat------Tue Nov 05 15:48:00 GMT+08:00 2019start bat successful
2019-11-05 15:48:10,032 [scheduling-1] INFO InvokeBat - getFileName.bat------Tue Nov 05 15:48:10 GMT+08:00 2019start bat successful
2019-11-05 15:48:10,062 [scheduling-1] INFO InvokeBat - getXmlName.bat------Tue Nov 05 15:48:10 GMT+08:00 2019start bat successful
2019-11-05 15:48:20,035 [scheduling-1] INFO InvokeBat - getFileName.bat------Tue Nov 05 15:48:20 GMT+08:00 2019start bat successful
2019-11-05 15:48:20,066 [scheduling-1] INFO InvokeBat - getXmlName.bat------Tue Nov 05 15:48:20 GMT+08:00 2019start bat successful
2019-11-05 15:48:30,032 [scheduling-1] INFO InvokeBat - getFileName.bat------Tue Nov 05 15:48:30 GMT+08:00 2019start bat successful
2019-11-05 15:48:30,064 [scheduling-1] INFO InvokeBat - getXmlName.bat------Tue Nov 05 15:48:30 GMT+08:00 2019start bat successful
2019-11-05 15:48:40,034 [scheduling-1] INFO InvokeBat - getFileName.bat------Tue Nov 05 15:48:40 GMT+08:00 2019start bat successful
2019-11-05 15:48:40,064 [scheduling-1] INFO InvokeBat - getXmlName.bat------Tue Nov 05 15:48:40 GMT+08:00 2019start bat successful
2019-11-05 15:48:50,033 [scheduling-1] INFO InvokeBat - getFileName.bat------Tue Nov 05 15:48:50 GMT+08:00 2019start bat successful
2019-11-05 15:48:50,062 [scheduling-1] INFO InvokeBat - getXmlName.bat------Tue Nov 05 15:48:50 GMT+08:00 2019start bat successful
2019-11-05 15:49:00,040 [scheduling-1] INFO InvokeBat - getFileName.bat------Tue Nov 05 15:49:00 GMT+08:00 2019start bat successful
2019-11-05 15:49:00,070 [scheduling-1] INFO InvokeBat - getXmlName.bat------Tue Nov 05 15:49:00 GMT+08:00 2019start bat successful
2019-11-05 15:49:10,030 [scheduling-1] INFO InvokeBat - getFileName.bat------Tue Nov 05 15:49:10 GMT+08:00 2019start bat successful
2019-11-05 15:49:10,065 [scheduling-1] INFO InvokeBat - getXmlName.bat------Tue Nov 05 15:49:10 GMT+08:00 2019start bat successful
2019-11-05 15:49:20,033 [scheduling-1] INFO InvokeBat - getFileName.bat------Tue Nov 05 15:49:20 GMT+08:00 2019start bat successful
2019-11-05 15:49:20,064 [scheduling-1] INFO InvokeBat - getXmlName.bat------Tue Nov 05 15:49:20 GMT+08:00 2019start bat successful
2019-11-05 15:49:30,030 [scheduling-1] INFO InvokeBat - getFileName.bat------Tue Nov 05 15:49:30 GMT+08:00 2019start bat successful
2019-11-05 15:49:30,058 [scheduling-1] INFO InvokeBat - getXmlName.bat------Tue Nov 05 15:49:30 GMT+08:00 2019start bat successful
2019-11-05 15:49:40,029 [scheduling-1] INFO InvokeBat - getFileName.bat------Tue Nov 05 15:49:40 GMT+08:00 2019start bat successful
2019-11-05 15:49:40,058 [scheduling-1] INFO InvokeBat - getXmlName.bat------Tue Nov 05 15:49:40 GMT+08:00 2019start bat successful
2019-11-05 15:49:50,032 [scheduling-1] INFO InvokeBat - getFileName.bat------Tue Nov 05 15:49:50 GMT+08:00 2019start bat successful
2019-11-05 15:49:50,061 [scheduling-1] INFO InvokeBat - getXmlName.bat------Tue Nov 05 15:49:50 GMT+08:00 2019start bat successful
2019-11-05 15:50:00,033 [scheduling-1] INFO InvokeBat - getFileName.bat------Tue Nov 05 15:50:00 GMT+08:00 2019start bat successful
2019-11-05 15:50:00,063 [scheduling-1] INFO InvokeBat - getXmlName.bat------Tue Nov 05 15:50:00 GMT+08:00 2019start bat successful
2019-11-05 15:50:00,157 [scheduling-1] INFO InvokeBat - startVbs.bat------Tue Nov 05 15:50:00 GMT+08:00 2019start bat successful
